Jan 02, 2025 1:47:45 AM org.apache.pdfbox.pdfparser.PDFObjectStreamParser parse
FINE: parsed=COSObject{38, 0}
Jan 02, 2025 1:47:45 AM org.apache.pdfbox.pdfparser.PDFObjectStreamParser parse
FINE: parsed=COSObject{35, 0}
Jan 02, 2025 1:47:45 AM org.apache.pdfbox.pdfparser.PDFObjectStreamParser parse
FINE: parsed=COSObject{42, 0}
Jan 02, 2025 1:47:45 AM org.apache.pdfbox.pdfparser.PDFObjectStreamParser parse
FINE: parsed=COSObject{41, 0}
Jan 02, 2025 1:47:45 AM org.apache.pdfbox.pdfparser.PDFObjectStreamParser parse
FINE: parsed=COSObject{44, 0}
Jan 02, 2025 1:47:45 AM org.apache.pdfbox.pdfparser.PDFObjectStreamParser parse
FINE: parsed=COSObject{43, 0}
Jan 02, 2025 1:47:45 AM org.apache.pdfbox.pdfparser.PDFObjectStreamParser parse
FINE: parsed=COSObject{40, 0}
Jan 02, 2025 1:47:45 AM org.apache.pdfbox.pdfparser.PDFObjectStreamParser parse
FINE: parsed=COSObject{47, 0}
Jan 02, 2025 1:47:45 AM org.apache.pdfbox.pdfparser.PDFObjectStreamParser parse
FINE: parsed=COSObject{46, 0}
Jan 02, 2025 1:47:45 AM org.apache.pdfbox.pdfparser.PDFObjectStreamParser parse
FINE: parsed=COSObject{49, 0}
Jan 02, 2025 1:47:45 AM org.apache.pdfbox.pdfparser.PDFObjectStreamParser parse
FINE: parsed=COSObject{48, 0}
Jan 02, 2025 1:47:45 AM org.apache.pdfbox.pdfparser.PDFObjectStreamParser parse
FINE: parsed=COSObject{45, 0}
Jan 02, 2025 1:47:45 AM org.apache.pdfbox.pdfparser.PDFObjectStreamParser parse
FINE: parsed=COSObject{52, 0}
Jan 02, 2025 1:47:45 AM org.apache.pdfbox.pdfparser.PDFObjectStreamParser parse
FINE: parsed=COSObject{51, 0}
Jan 02, 2025 1:47:45 AM org.apache.pdfbox.pdfparser.PDFObjectStreamParser parse
FINE: parsed=COSObject{54, 0}
Jan 02, 2025 1:47:46 AM org.apache.pdfbox.pdfparser.PDFObjectStreamParser parse
FINE: parsed=COSObject{53, 0}
Jan 02, 2025 1:47:46 AM org.apache.pdfbox.pdfparser.PDFObjectStreamParser parse
FINE: parsed=COSObject{50, 0}
Jan 02, 2025 1:47:46 AM org.apache.pdfbox.pdfparser.PDFObjectStreamParser parse
FINE: parsed=COSObject{57, 0}
Jan 02, 2025 1:47:46 AM org.apache.pdfbox.pdfparser.PDFObjectStreamParser parse
FINE: parsed=COSObject{56, 0}
Jan 02, 2025 1:47:46 AM org.apache.pdfbox.pdfparser.PDFObjectStreamParser parse
FINE: parsed=COSObject{59, 0}
Jan 02, 2025 1:47:46 AM org.apache.pdfbox.pdfparser.PDFObjectStreamParser parse
FINE: parsed=COSObject{58, 0}
Jan 02, 2025 1:47:46 AM org.apache.pdfbox.pdfparser.PDFObjectStreamParser parse
FINE: parsed=COSObject{55, 0}
Jan 02, 2025 1:47:46 AM org.apache.pdfbox.pdfparser.PDFObjectStreamParser parse
FINE: parsed=COSObject{62, 0}
Jan 02, 2025 1:47:46 AM org.apache.pdfbox.pdfparser.PDFObjectStreamParser parse
FINE: parsed=COSObject{61, 0}
Jan 02, 2025 1:47:46 AM org.apache.pdfbox.pdfparser.PDFObjectStreamParser parse
FINE: parsed=COSObject{64, 0}
Jan 02, 2025 1:47:46 AM org.apache.pdfbox.pdfparser.PDFObjectStreamParser parse
FINE: parsed=COSObject{63, 0}
Jan 02, 2025 1:47:46 AM org.apache.pdfbox.pdfparser.PDFObjectStreamParser parse
FINE: parsed=COSObject{60, 0}
Jan 02, 2025 1:47:46 AM org.apache.pdfbox.pdfparser.PDFObjectStreamParser parse
FINE: parsed=COSObject{67, 0}
Jan 02, 2025 1:47:46 AM org.apache.pdfbox.pdfparser.PDFObjectStreamParser parse
FINE: parsed=COSObject{66, 0}
Jan 02, 2025 1:47:46 AM org.apache.pdfbox.pdfparser.PDFObjectStreamParser parse
FINE: parsed=COSObject{69, 0}
Jan 02, 2025 1:47:46 AM org.apache.pdfbox.pdfparser.PDFObjectStreamParser parse
FINE: parsed=COSObject{68, 0}
Jan 02, 2025 1:47:46 AM org.apache.pdfbox.pdfparser.PDFObjectStreamParser parse
FINE: parsed=COSObject{65, 0}
Jan 02, 2025 1:47:46 AM org.apache.pdfbox.pdfparser.PDFObjectStreamParser parse
FINE: parsed=COSObject{24, 0}
Jan 02, 2025 1:47:46 AM org.apache.pdfbox.pdfparser.PDFObjectStreamParser parse
FINE: parsed=COSObject{15, 0}
Jan 02, 2025 1:47:46 AM org.apache.pdfbox.pdfparser.PDFObjectStreamParser parse
FINE: parsed=COSObject{70, 0}
Jan 02, 2025 1:47:46 AM org.apache.pdfbox.pdfparser.PDFObjectStreamParser parse
FINE: parsed=COSObject{14, 0}
Jan 02, 2025 1:47:46 AM org.apache.pdfbox.pdfparser.PDFObjectStreamParser parse
FINE: parsed=COSObject{10, 0}
Jan 02, 2025 1:47:46 AM org.apache.pdfbox.pdfparser.PDFObjectStreamParser parse
FINE: parsed=COSObject{11, 0}
Jan 02, 2025 1:47:46 AM org.apache.pdfbox.pdfparser.PDFObjectStreamParser parse
FINE: parsed=COSObject{12, 0}
Jan 02, 2025 1:47:46 AM org.apache.pdfbox.pdfparser.PDFObjectStreamParser parse
FINE: parsed=COSObject{13, 0}
Jan 02, 2025 1:47:46 AM org.apache.pdfbox.pdfparser.PDFObjectStreamParser parse
FINE: parsed=COSObject{20, 0}
Jan 02, 2025 1:47:46 AM org.apache.pdfbox.pdfparser.PDFObjectStreamParser parse
FINE: parsed=COSObject{30, 0}
Jan 02, 2025 1:47:46 AM org.apache.pdfbox.pdfparser.PDFObjectStreamParser parse
FINE: parsed=COSObject{29, 0}
Jan 02, 2025 1:47:46 AM org.apache.pdfbox.pdfparser.PDFObjectStreamParser parse
FINE: parsed=COSObject{28, 0}
Jan 02, 2025 1:47:46 AM org.apache.pdfbox.pdfparser.PDFObjectStreamParser parse
FINE: parsed=COSObject{35, 0}
Jan 02, 2025 1:47:46 AM org.apache.pdfbox.pdfparser.PDFObjectStreamParser parse
FINE: parsed=COSObject{34, 0}
Jan 02, 2025 1:47:46 AM org.apache.pdfbox.pdfparser.PDFObjectStreamParser parse
FINE: parsed=COSObject{33, 0}
Jan 02, 2025 1:47:46 AM org.apache.pdfbox.pdfparser.PDFObjectStreamParser parse
FINE: parsed=COSObject{27, 0}
Jan 02, 2025 1:47:46 AM org.apache.pdfbox.pdfparser.PDFObjectStreamParser parse
FINE: parsed=COSObject{26, 0}
Jan 02, 2025 1:47:46 AM org.apache.pdfbox.pdfparser.PDFObjectStreamParser parse
FINE: parsed=COSObject{40, 0}
Jan 02, 2025 1:47:46 AM org.apache.pdfbox.pdfparser.PDFObjectStreamParser parse
FINE: parsed=COSObject{39, 0}
Jan 02, 2025 1:47:46 AM org.apache.pdfbox.pdfparser.PDFObjectStreamParser parse
FINE: parsed=COSObject{38, 0}
Jan 02, 2025 1:47:46 AM org.apache.pdfbox.pdfparser.PDFObjectStreamParser parse
FINE: parsed=COSObject{42, 0}
Jan 02, 2025 1:47:46 AM org.apache.pdfbox.pdfparser.PDFObjectStreamParser parse
FINE: parsed=COSObject{41, 0}
Jan 02, 2025 1:47:46 AM org.apache.pdfbox.pdfparser.PDFObjectStreamParser parse
FINE: parsed=COSObject{37, 0}
Jan 02, 2025 1:47:46 AM org.apache.pdfbox.pdfparser.PDFObjectStreamParser parse
FINE: parsed=COSObject{46, 0}
Jan 02, 2025 1:47:46 AM org.apache.pdfbox.pdfparser.PDFObjectStreamParser parse
FINE: parsed=COSObject{45, 0}
Jan 02, 2025 1:47:46 AM org.apache.pdfbox.pdfparser.PDFObjectStreamParser parse
FINE: parsed=COSObject{44, 0}
Jan 02, 2025 1:47:46 AM org.apache.pdfbox.pdfparser.PDFObjectStreamParser parse
FINE: parsed=COSObject{48, 0}
Jan 02, 2025 1:47:46 AM org.apache.pdfbox.pdfparser.PDFObjectStreamParser parse
FINE: parsed=COSObject{47, 0}
Jan 02, 2025 1:47:46 AM org.apache.pdfbox.pdfparser.PDFObjectStreamParser parse
FINE: parsed=COSObject{43, 0}
Jan 02, 2025 1:47:46 AM org.apache.pdfbox.pdfparser.PDFObjectStreamParser parse
FINE: parsed=COSObject{52, 0}
Jan 02, 2025 1:47:46 AM org.apache.pdfbox.pdfparser.PDFObjectStreamParser parse
FINE: parsed=COSObject{51, 0}
Jan 02, 2025 1:47:46 AM org.apache.pdfbox.pdfparser.PDFObjectStreamParser parse
FINE: parsed=COSObject{50, 0}
Jan 02, 2025 1:47:46 AM org.apache.pdfbox.pdfparser.PDFObjectStreamParser parse
FINE: parsed=COSObject{55, 0}
Jan 02, 2025 1:47:46 AM org.apache.pdfbox.pdfparser.PDFObjectStreamParser parse
FINE: parsed=COSObject{54, 0}
Jan 02, 2025 1:47:46 AM org.apache.pdfbox.pdfparser.PDFObjectStreamParser parse
FINE: parsed=COSObject{53, 0}
Jan 02, 2025 1:47:46 AM org.apache.pdfbox.pdfparser.PDFObjectStreamParser parse
FINE: parsed=COSObject{49, 0}
Jan 02, 2025 1:47:46 AM org.apache.pdfbox.pdfparser.PDFObjectStreamParser parse
FINE: parsed=COSObject{59, 0}
Jan 02, 2025 1:47:46 AM org.apache.pdfbox.pdfparser.PDFObjectStreamParser parse
FINE: parsed=COSObject{58, 0}
Jan 02, 2025 1:47:46 AM org.apache.pdfbox.pdfparser.PDFObjectStreamParser parse
FINE: parsed=COSObject{57, 0}
Jan 02, 2025 1:47:46 AM org.apache.pdfbox.pdfparser.PDFObjectStreamParser parse
FINE: parsed=COSObject{61, 0}
Jan 02, 2025 1:47:46 AM org.apache.pdfbox.pdfparser.PDFObjectStreamParser parse
FINE: parsed=COSObject{60, 0}
Jan 02, 2025 1:47:46 AM org.apache.pdfbox.pdfparser.PDFObjectStreamParser parse
FINE: parsed=COSObject{56, 0}
Jan 02, 2025 1:47:46 AM org.apache.pdfbox.pdfparser.PDFObjectStreamParser parse
FINE: parsed=COSObject{65, 0}
Jan 02, 2025 1:47:46 AM org.apache.pdfbox.pdfparser.PDFObjectStreamParser parse
FINE: parsed=COSObject{64, 0}
Jan 02, 2025 1:47:46 AM org.apache.pdfbox.pdfparser.PDFObjectStreamParser parse
FINE: parsed=COSObject{63, 0}
Jan 02, 2025 1:47:46 AM org.apache.pdfbox.pdfparser.PDFObjectStreamParser parse
FINE: parsed=COSObject{67, 0}
Jan 02, 2025 1:47:46 AM org.apache.pdfbox.pdfparser.PDFObjectStreamParser parse
FINE: parsed=COSObject{66, 0}
Jan 02, 2025 1:47:46 AM org.apache.pdfbox.pdfparser.PDFObjectStreamParser parse
FINE: parsed=COSObject{62, 0}
Jan 02, 2025 1:47:46 AM org.apache.pdfbox.pdfparser.PDFObjectStreamParser parse
FINE: parsed=COSObject{36, 0}
Jan 02, 2025 1:47:46 AM org.apache.pdfbox.pdfparser.PDFObjectStreamParser parse
FINE: parsed=COSObject{25, 0}
Jan 02, 2025 1:47:46 AM org.apache.pdfbox.pdfparser.PDFObjectStreamParser parse
FINE: parsed=COSObject{68, 0}
Jan 02, 2025 1:47:46 AM org.apache.pdfbox.pdfparser.PDFObjectStreamParser parse
FINE: parsed=COSObject{24, 0}
Jan 02, 2025 1:47:46 AM org.apache.pdfbox.pdfparser.PDFObjectStreamParser parse
FINE: parsed=COSObject{20, 0}
Jan 02, 2025 1:47:46 AM org.apache.pdfbox.pdfparser.PDFObjectStreamParser parse
FINE: parsed=COSObject{21, 0}
Jan 02, 2025 1:47:46 AM org.apache.pdfbox.pdfparser.PDFObjectStreamParser parse
FINE: parsed=COSObject{22, 0}
Jan 02, 2025 1:47:46 AM org.apache.pdfbox.pdfparser.PDFObjectStreamParser parse
FINE: parsed=COSObject{23, 0}
Jan 02, 2025 1:47:46 AM org.apache.pdfbox.pdfparser.PDFObjectStreamParser parse
FINE: parsed=COSObject{31, 0}
Jan 02, 2025 1:47:46 AM org.apache.pdfbox.pdfparser.PDFObjectStreamParser parse
FINE: parsed=COSObject{32, 0}
Jan 02, 2025 1:47:46 AM org.apache.pdfbox.pdfparser.PDFObjectStreamParser parse
FINE: parsed=COSObject{31, 0}
Jan 02, 2025 1:47:46 AM org.apache.pdfbox.pdfparser.PDFObjectStreamParser parse
FINE: parsed=COSObject{30, 0}
Jan 02, 2025 1:47:46 AM org.apache.pdfbox.pdfparser.PDFObjectStreamParser parse
FINE: parsed=COSObject{37, 0}
Jan 02, 2025 1:47:46 AM org.apache.pdfbox.pdfparser.PDFObjectStreamParser parse
FINE: parsed=COSObject{38, 0}
Jan 02, 2025 1:47:46 AM org.apache.pdfbox.pdfparser.PDFObjectStreamParser parse
FINE: parsed=COSObject{39, 0}
Jan 02, 2025 1:47:46 AM org.apache.pdfbox.pdfparser.PDFObjectStreamParser parse
FINE: parsed=COSObject{36, 0}
Jan 02, 2025 1:47:46 AM org.apache.pdfbox.pdfparser.PDFObjectStreamParser parse
FINE: parsed=COSObject{35, 0}
Jan 02, 2025 1:47:46 AM org.apache.pdfbox.pdfparser.PDFObjectStreamParser parse
FINE: parsed=COSObject{29, 0}
Jan 02, 2025 1:47:46 AM org.apache.pdfbox.pdfparser.PDFObjectStreamParser parse
FINE: parsed=COSObject{28, 0}
Jan 02, 2025 1:47:46 AM org.apache.pdfbox.pdfparser.PDFObjectStreamParser parse
FINE: parsed=COSObject{44, 0}
Jan 02, 2025 1:47:46 AM org.apache.pdfbox.pdfparser.PDFObjectStreamParser parse
FINE: parsed=COSObject{43, 0}
Jan 02, 2025 1:47:46 AM org.apache.pdfbox.pdfparser.PDFObjectStreamParser parse
FINE: parsed=COSObject{42, 0}
Jan 02, 2025 1:47:46 AM org.apache.pdfbox.pdfparser.PDFObjectStreamParser parse
FINE: parsed=COSObject{46, 0}
Jan 02, 2025 1:47:46 AM org.apache.pdfbox.pdfparser.PDFObjectStreamParser parse
FINE: parsed=COSObject{45, 0}
Jan 02, 2025 1:47:46 AM org.apache.pdfbox.pdfparser.PDFObjectStreamParser parse
FINE: parsed=COSObject{41, 0}
Jan 02, 2025 1:47:46 AM org.apache.pdfbox.pdfparser.PDFObjectStreamParser parse
FINE: parsed=COSObject{50, 0}
Jan 02, 2025 1:47:46 AM org.apache.pdfbox.pdfparser.PDFObjectStreamParser parse
FINE: parsed=COSObject{49, 0}
Jan 02, 2025 1:47:46 AM org.apache.pdfbox.pdfparser.PDFObjectStreamParser parse
FINE: parsed=COSObject{48, 0}
Jan 02, 2025 1:47:46 AM org.apache.pdfbox.pdfparser.PDFObjectStreamParser parse
FINE: parsed=COSObject{52, 0}
Jan 02, 2025 1:47:46 AM org.apache.pdfbox.pdfparser.PDFObjectStreamParser parse
FINE: parsed=COSObject{51, 0}
Jan 02, 2025 1:47:46 AM org.apache.pdfbox.pdfparser.PDFObjectStreamParser parse
FINE: parsed=COSObject{47, 0}
Jan 02, 2025 1:47:46 AM org.apache.pdfbox.pdfparser.PDFObjectStreamParser parse
FINE: parsed=COSObject{56, 0}
Jan 02, 2025 1:47:46 AM org.apache.pdfbox.pdfparser.PDFObjectStreamParser parse
FINE: parsed=COSObject{55, 0}
Jan 02, 2025 1:47:46 AM org.apache.pdfbox.pdfparser.PDFObjectStreamParser parse
FINE: parsed=COSObject{54, 0}
Jan 02, 2025 1:47:46 AM org.apache.pdfbox.pdfparser.PDFObjectStreamParser parse
FINE: parsed=COSObject{59, 0}
Jan 02, 2025 1:47:46 AM org.apache.pdfbox.pdfparser.PDFObjectStreamParser parse
FINE: parsed=COSObject{58, 0}
Jan 02, 2025 1:47:46 AM org.apache.pdfbox.pdfparser.PDFObjectStreamParser parse
FINE: parsed=COSObject{57, 0}
Jan 02, 2025 1:47:46 AM org.apache.pdfbox.pdfparser.PDFObjectStreamParser parse
FINE: parsed=COSObject{53, 0}
Jan 02, 2025 1:47:46 AM org.apache.pdfbox.pdfparser.PDFObjectStreamParser parse
FINE: parsed=COSObject{63, 0}
Jan 02, 2025 1:47:46 AM org.apache.pdfbox.pdfparser.PDFObjectStreamParser parse
FINE: parsed=COSObject{62, 0}
Jan 02, 2025 1:47:46 AM org.apache.pdfbox.pdfparser.PDFObjectStreamParser parse
FINE: parsed=COSObject{61, 0}
Jan 02, 2025 1:47:46 AM org.apache.pdfbox.pdfparser.PDFObjectStreamParser parse
FINE: parsed=COSObject{65, 0}
Jan 02, 2025 1:47:46 AM org.apache.pdfbox.pdfparser.PDFObjectStreamParser parse
FINE: parsed=COSObject{64, 0}
Jan 02, 2025 1:47:46 AM org.apache.pdfbox.pdfparser.PDFObjectStreamParser parse
FINE: parsed=COSObject{60, 0}
Jan 02, 2025 1:47:46 AM org.apache.pdfbox.pdfparser.PDFObjectStreamParser parse
FINE: parsed=COSObject{69, 0}
Jan 02, 2025 1:47:46 AM org.apache.pdfbox.pdfparser.PDFObjectStreamParser parse
FINE: parsed=COSObject{68, 0}
Jan 02, 2025 1:47:46 AM org.apache.pdfbox.pdfparser.PDFObjectStreamParser parse
FINE: parsed=COSObject{67, 0}
Jan 02, 2025 1:47:46 AM org.apache.pdfbox.pdfparser.PDFObjectStreamParser parse
FINE: parsed=COSObject{71, 0}
Jan 02, 2025 1:47:46 AM org.apache.pdfbox.pdfparser.PDFObjectStreamParser parse
FINE: parsed=COSObject{70, 0}
Jan 02, 2025 1:47:46 AM org.apache.pdfbox.pdfparser.PDFObjectStreamParser parse
FINE: parsed=COSObject{66, 0}
Jan 02, 2025 1:47:46 AM org.apache.pdfbox.pdfparser.PDFObjectStreamParser parse
FINE: parsed=COSObject{40, 0}
Jan 02, 2025 1:47:46 AM org.apache.pdfbox.pdfparser.PDFObjectStreamParser parse
FINE: parsed=COSObject{27, 0}
Jan 02, 2025 1:47:46 AM org.apache.pdfbox.pdfparser.PDFObjectStreamParser parse
FINE: parsed=COSObject{72, 0}
Jan 02, 2025 1:47:46 AM org.apache.pdfbox.pdfparser.PDFObjectStreamParser parse
FINE: parsed=COSObject{26, 0}
Jan 02, 2025 1:47:46 AM org.apache.pdfbox.pdfparser.PDFObjectStreamParser parse
FINE: parsed=COSObject{22, 0}
Jan 02, 2025 1:47:46 AM org.apache.pdfbox.pdfparser.PDFObjectStreamParser parse
FINE: parsed=COSObject{23, 0}
Jan 02, 2025 1:47:46 AM org.apache.pdfbox.pdfparser.PDFObjectStreamParser parse
FINE: parsed=COSObject{24, 0}
Jan 02, 2025 1:47:46 AM org.apache.pdfbox.pdfparser.PDFObjectStreamParser parse
FINE: parsed=COSObject{25, 0}
Jan 02, 2025 1:47:46 AM org.apache.pdfbox.pdfparser.PDFObjectStreamParser parse
FINE: parsed=COSObject{33, 0}
Jan 02, 2025 1:47:46 AM sun.awt.windows.WToolkit <clinit>
FINE: Win version: 0x5867000a = 1483145226 (Windows Vista)
Jan 02, 2025 1:47:46 AM org.apache.fontbox.ttf.PostScriptTable read
FINE: No PostScript name information is provided for the font YuGothic-Regular
Jan 02, 2025 1:47:46 AM org.apache.fontbox.ttf.CmapSubtable processSubtype14
WARNING: Format 14 cmap table is not supported and will be ignored
Jan 02, 2025 1:47:46 AM org.apache.fontbox.ttf.PostScriptTable read
FINE: No PostScript name information is provided for the font Calibri
Jan 02, 2025 1:47:46 AM org.apache.pdfbox.io.ScratchFileBuffer finalize
FINE: ScratchFileBuffer not closed!
Jan 02, 2025 1:47:46 AM org.apache.pdfbox.io.ScratchFileBuffer finalize
FINE: ScratchFileBuffer not closed!
Jan 02, 2025 1:47:46 AM org.apache.fontbox.ttf.PostScriptTable read
FINE: No PostScript name information is provided for the font Calibri
Jan 02, 2025 1:47:46 AM org.apache.fontbox.ttf.PostScriptTable read
FINE: No PostScript name information is provided for the font YuGothic-Regular
Jan 02, 2025 1:47:46 AM org.apache.fontbox.ttf.CmapSubtable processSubtype14
WARNING: Format 14 cmap table is not supported and will be ignored
Jan 02, 2025 1:47:46 AM org.apache.fontbox.ttf.PostScriptTable read
FINE: No PostScript name information is provided for the font Calibri
Jan 02, 2025 1:47:46 AM org.apache.fontbox.ttf.PostScriptTable read
FINE: No PostScript name information is provided for the font YuGothic-Regular
Jan 02, 2025 1:47:46 AM org.apache.fontbox.ttf.CmapSubtable processSubtype14
WARNING: Format 14 cmap table is not supported and will be ignored
Jan 02, 2025 1:47:46 AM org.apache.fontbox.ttf.PostScriptTable read
FINE: No PostScript name information is provided for the font Calibri
Jan 02, 2025 1:47:46 AM org.example.Main main
INFO: MainClass completed
